<?xml version="1.0" encoding="UTF-8"?>
<!-- Generated by org.testng.reporters.JUnitReportReporter -->
<testsuite hostname="Shubham-HDI123" failures="0" tests="1" name="ShubhamProject.test3" time="5.761" errors="0" timestamp="2023-07-26T15:18:26 IST" skipped="0">
  <testcase classname="ShubhamProject.test3" name="test" time="5.761"/>
  <system-out/>
</testsuite> <!-- ShubhamProject.test3 -->
