<?xml version="1.0" encoding="UTF-8"?>
<!-- Generated by org.testng.reporters.JUnitReportReporter -->
<testsuite hostname="Shubham-HDI123" failures="0" tests="1" name="ShubhamProject.test2" time="5.457" errors="0" timestamp="2023-06-14T16:23:12 IST" skipped="0">
  <testcase classname="ShubhamProject.test2" name="tc1" time="5.457"/>
  <system-out/>
</testsuite> <!-- ShubhamProject.test2 -->
